Flow report for riscV_noc
Sun Jun 21 22:41:26 2026
Quartus II 64-Bit Version 13.0.1 Build 232 06/12/2013 Service Pack 1 SJ Web Edition


---------------------
; Table of Contents ;
---------------------
  1. Legal Notice
  2. Flow Summary
  3. Flow Settings
  4. Flow Non-Default Global Settings
  5. Flow Elapsed Time
  6. Flow OS Summary
  7. Flow Log
  8. Flow Messages
  9. Flow Suppressed Messages



----------------
; Legal Notice ;
----------------
Copyright (C) 1991-2013 Altera Corporation
Your use of Altera Corporation's design tools, logic functions 
and other software and tools, and its AMPP partner logic 
functions, and any output files from any of the foregoing 
(including device programming or simulation files), and any 
associated documentation or information are expressly subject 
to the terms and conditions of the Altera Program License 
Subscription Agreement, Altera MegaCore Function License 
Agreement, or other applicable license agreement, including, 
without limitation, that your use is for the sole purpose of 
programming logic devices manufactured by Altera and sold by 
Altera or its authorized distributors.  Please refer to the 
applicable agreement for further details.



+--------------------------------------------------------------------------------------+
; Flow Summary                                                                         ;
+------------------------------------+-------------------------------------------------+
; Flow Status                        ; Successful - Sun Jun 21 22:41:26 2026           ;
; Quartus II 64-Bit Version          ; 13.0.1 Build 232 06/12/2013 SP 1 SJ Web Edition ;
; Revision Name                      ; riscV_noc                                       ;
; Top-level Entity Name              ; mesh_3x3                                        ;
; Family                             ; Cyclone II                                      ;
; Device                             ; EP2C50F672C6                                    ;
; Timing Models                      ; Final                                           ;
; Total logic elements               ; 30,320 / 50,528 ( 60 % )                        ;
;     Total combinational functions  ; 21,307 / 50,528 ( 42 % )                        ;
;     Dedicated logic registers      ; 14,028 / 50,528 ( 28 % )                        ;
; Total registers                    ; 14028                                           ;
; Total pins                         ; 162 / 450 ( 36 % )                              ;
; Total virtual pins                 ; 0                                               ;
; Total memory bits                  ; 32,768 / 594,432 ( 6 % )                        ;
; Embedded Multiplier 9-bit elements ; 0 / 172 ( 0 % )                                 ;
; Total PLLs                         ; 0 / 4 ( 0 % )                                   ;
+------------------------------------+-------------------------------------------------+


+-----------------------------------------+
; Flow Settings                           ;
+-------------------+---------------------+
; Option            ; Setting             ;
+-------------------+---------------------+
; Start date & time ; 06/21/2026 22:29:25 ;
; Main task         ; Compilation         ;
; Revision Name     ; riscV_noc           ;
+-------------------+---------------------+


+----------------------------------------------------------------------------------------------------------------------------------+
; Flow Non-Default Global Settings                                                                                                 ;
+--------------------------------------+---------------------------------------+---------------+-------------+---------------------+
; Assignment Name                      ; Value                                 ; Default Value ; Entity Name ; Section Id          ;
+--------------------------------------+---------------------------------------+---------------+-------------+---------------------+
; COMPILER_SIGNATURE_ID                ; 9413552795873.178205576524272         ; --            ; --          ; --                  ;
; EDA_DESIGN_INSTANCE_NAME             ; NA                                    ; --            ; --          ; tb_slave_node       ;
; EDA_DESIGN_INSTANCE_NAME             ; NA                                    ; --            ; --          ; tb_tg_slave         ;
; EDA_DESIGN_INSTANCE_NAME             ; NA                                    ; --            ; --          ; tb_master_node      ;
; EDA_DESIGN_INSTANCE_NAME             ; NA                                    ; --            ; --          ; tb_performance_mesh ;
; EDA_DESIGN_INSTANCE_NAME             ; NA                                    ; --            ; --          ; tb_mesh_3x3_latency ;
; EDA_NATIVELINK_SIMULATION_TEST_BENCH ; tb_mesh_3x3_latency                   ; --            ; --          ; eda_simulation      ;
; EDA_OUTPUT_DATA_FORMAT               ; Systemverilog Hdl                     ; --            ; --          ; eda_simulation      ;
; EDA_SIMULATION_TOOL                  ; ModelSim-Altera (SystemVerilog)       ; <None>        ; --          ; --                  ;
; EDA_TEST_BENCH_ENABLE_STATUS         ; TEST_BENCH_MODE                       ; --            ; --          ; eda_simulation      ;
; EDA_TEST_BENCH_FILE                  ; ../tb/tb_slave_node.sv                ; --            ; --          ; tb_slave_node       ;
; EDA_TEST_BENCH_FILE                  ; ../tb/tb_tg_slave.sv                  ; --            ; --          ; tb_tg_slave         ;
; EDA_TEST_BENCH_FILE                  ; ../rtl/network_interface/slave_ni.sv  ; --            ; --          ; tb_tg_slave         ;
; EDA_TEST_BENCH_FILE                  ; ../rtl/node/slave_node.sv             ; --            ; --          ; tb_tg_slave         ;
; EDA_TEST_BENCH_FILE                  ; ../tb/tb_master_node.sv               ; --            ; --          ; tb_master_node      ;
; EDA_TEST_BENCH_FILE                  ; ../tb/tb_performance_mesh.sv          ; --            ; --          ; tb_performance_mesh ;
; EDA_TEST_BENCH_FILE                  ; ../tb/tb_mesh_3x3_latency.sv          ; --            ; --          ; tb_mesh_3x3_latency ;
; EDA_TEST_BENCH_MODULE_NAME           ; tb_slave_node                         ; --            ; --          ; tb_slave_node       ;
; EDA_TEST_BENCH_MODULE_NAME           ; tb_tg_slave                           ; --            ; --          ; tb_tg_slave         ;
; EDA_TEST_BENCH_MODULE_NAME           ; tb_master_node                        ; --            ; --          ; tb_master_node      ;
; EDA_TEST_BENCH_MODULE_NAME           ; tb_performance_mesh                   ; --            ; --          ; tb_performance_mesh ;
; EDA_TEST_BENCH_MODULE_NAME           ; tb_mesh_3x3_latency                   ; --            ; --          ; tb_mesh_3x3_latency ;
; EDA_TEST_BENCH_NAME                  ; tb_slave_node                         ; --            ; --          ; eda_simulation      ;
; EDA_TEST_BENCH_NAME                  ; tb_tg_slave                           ; --            ; --          ; eda_simulation      ;
; EDA_TEST_BENCH_NAME                  ; tb_master_node                        ; --            ; --          ; eda_simulation      ;
; EDA_TEST_BENCH_NAME                  ; tb_performance_mesh                   ; --            ; --          ; eda_simulation      ;
; EDA_TEST_BENCH_NAME                  ; tb_mesh_3x3_latency                   ; --            ; --          ; eda_simulation      ;
; EDA_TIME_SCALE                       ; 1 ps                                  ; --            ; --          ; eda_simulation      ;
; MAX_CORE_JUNCTION_TEMP               ; 85                                    ; --            ; --          ; --                  ;
; MIN_CORE_JUNCTION_TEMP               ; 0                                     ; --            ; --          ; --                  ;
; PARTITION_COLOR                      ; 16764057                              ; --            ; mesh_3x3    ; Top                 ;
; PARTITION_FITTER_PRESERVATION_LEVEL  ; PLACEMENT_AND_ROUTING                 ; --            ; mesh_3x3    ; Top                 ;
; PARTITION_NETLIST_TYPE               ; SOURCE                                ; --            ; mesh_3x3    ; Top                 ;
; POWER_BOARD_THERMAL_MODEL            ; None (CONSERVATIVE)                   ; --            ; --          ; --                  ;
; POWER_PRESET_COOLING_SOLUTION        ; 23 MM HEAT SINK WITH 200 LFPM AIRFLOW ; --            ; --          ; --                  ;
; PROJECT_OUTPUT_DIRECTORY             ; output_files                          ; --            ; --          ; --                  ;
; TOP_LEVEL_ENTITY                     ; mesh_3x3                              ; riscV_noc     ; --          ; --                  ;
+--------------------------------------+---------------------------------------+---------------+-------------+---------------------+


+-------------------------------------------------------------------------------------------------------------------------------+
; Flow Elapsed Time                                                                                                             ;
+---------------------------+--------------+-------------------------+---------------------+------------------------------------+
; Module Name               ; Elapsed Time ; Average Processors Used ; Peak Virtual Memory ; Total CPU Time (on all processors) ;
+---------------------------+--------------+-------------------------+---------------------+------------------------------------+
; Analysis & Synthesis      ; 00:05:26     ; 1.0                     ; 4884 MB             ; 00:05:10                           ;
; Fitter                    ; 00:05:32     ; 3.1                     ; 5907 MB             ; 00:09:01                           ;
; Assembler                 ; 00:00:05     ; 1.0                     ; 4678 MB             ; 00:00:05                           ;
; TimeQuest Timing Analyzer ; 00:00:10     ; 1.0                     ; 4996 MB             ; 00:00:10                           ;
; EDA Netlist Writer        ; 00:00:21     ; 1.0                     ; 4828 MB             ; 00:00:20                           ;
; Total                     ; 00:11:34     ; --                      ; --                  ; 00:14:46                           ;
+---------------------------+--------------+-------------------------+---------------------+------------------------------------+


+----------------------------------------------------------------------------------------+
; Flow OS Summary                                                                        ;
+---------------------------+------------------+-----------+------------+----------------+
; Module Name               ; Machine Hostname ; OS Name   ; OS Version ; Processor type ;
+---------------------------+------------------+-----------+------------+----------------+
; Analysis & Synthesis      ; LAPTOP-DN3PCHGN  ; Windows 7 ; 6.2        ; x86_64         ;
; Fitter                    ; LAPTOP-DN3PCHGN  ; Windows 7 ; 6.2        ; x86_64         ;
; Assembler                 ; LAPTOP-DN3PCHGN  ; Windows 7 ; 6.2        ; x86_64         ;
; TimeQuest Timing Analyzer ; LAPTOP-DN3PCHGN  ; Windows 7 ; 6.2        ; x86_64         ;
; EDA Netlist Writer        ; LAPTOP-DN3PCHGN  ; Windows 7 ; 6.2        ; x86_64         ;
+---------------------------+------------------+-----------+------------+----------------+


------------
; Flow Log ;
------------
quartus_map --read_settings_files=on --write_settings_files=off riscV_noc -c riscV_noc
quartus_fit --read_settings_files=off --write_settings_files=off riscV_noc -c riscV_noc
quartus_asm --read_settings_files=off --write_settings_files=off riscV_noc -c riscV_noc
quartus_sta riscV_noc -c riscV_noc
quartus_eda --read_settings_files=off --write_settings_files=off riscV_noc -c riscV_noc



